<?xml version="1.0" encoding="UTF-8"?>
<!-- Generated by org.testng.reporters.JUnitReportReporter -->
<testsuite hostname="DESKTOP-7EA8HLD" failures="0" tests="1" name="Vtiger.contactsTests.ToCreateContactsTest" time="20.083" errors="0" timestamp="2024-07-13T22:07:40 IST" skipped="0">
  <testcase classname="Vtiger.contactsTests.ToCreateContactsTest" name="toCreateContactTest" time="20.083"/>
  <system-out>
    <![CDATA[TEST SCRIPT IS EXECUTING .....
TC_ NAME....passed]]>
  </system-out>
</testsuite> <!-- Vtiger.contactsTests.ToCreateContactsTest -->
