<?xml version="1.0" encoding="UTF-8"?>
<!-- Generated by org.testng.reporters.JUnitReportReporter -->
<testsuite hostname="DESKTOP-7EA8HLD" failures="0" tests="1" name="Vtiger.OrganiationTests.CreateOrganisationWithIndustryAndTypeDropDownTest" time="19.749" errors="0" timestamp="2024-07-13T22:12:33 IST" skipped="0">
  <testcase classname="Vtiger.OrganiationTests.CreateOrganisationWithIndustryAndTypeDropDownTest" name="toCreateOrganisationWithIndustryAndType" time="19.749"/>
  <system-out>
    <![CDATA[wipro.....PASSED]]>
  </system-out>
</testsuite> <!-- Vtiger.OrganiationTests.CreateOrganisationWithIndustryAndTypeDropDownTest -->
