<?xml version="1.0" encoding="UTF-8"?>
<!-- Generated by org.testng.reporters.JUnitReportReporter -->
<testsuite hostname="DESKTOP-7EA8HLD" failures="0" tests="1" name="Vtiger.OrganiationTests.CreateOrganisationWithChemicalIndustryTest" time="19.572" errors="0" timestamp="2024-07-13T22:10:12 IST" skipped="0">
  <testcase classname="Vtiger.OrganiationTests.CreateOrganisationWithChemicalIndustryTest" name="toCreateOrganisationWithIndustryChemical" time="19.572"/>
  <system-out>
    <![CDATA[TEST SCRIPT IS EXECUTING....
wipro...passed]]>
  </system-out>
</testsuite> <!-- Vtiger.OrganiationTests.CreateOrganisationWithChemicalIndustryTest -->
